2015-12-09 10:52:58 [127.0.0.1][-][-][error][yii\web\HttpException:404] exception 'yii\web\NotFoundHttpException' with message 'Page not found.' in E:\wwwroot\Yii\vendor\yiisoft\yii2\web\Request.php:190
Stack trace:
#0 E:\wwwroot\Yii\vendor\yiisoft\yii2\web\Application.php(75): yii\web\Request->resolve()
#1 E:\wwwroot\Yii\vendor\yiisoft\yii2\base\Application.php(375): yii\web\Application->handleRequest(Object(yii\web\Request))
#2 E:\wwwroot\Yii\web\index.php(16): yii\base\Application->run()
#3 {main}
2015-12-09 10:52:58 [127.0.0.1][-][-][info][application] $_GET = [
    'r' => 'home/index/index'
]

$_COOKIE = [
    '_csrf' => '488181d411abace432a4fb7b3c520cce59160dd08db7d9d1130e540429b10e8da:2:{i:0;s:5:\"_csrf\";i:1;s:32:\"PSZXzNzlAGw9isRqhbpUK9HtGhnvZwt0\";}'
]

$_SERVER = [
    'PATH' => 'D:\\Python34\\Lib\\site-packages\\PyQt5;C:\\ProgramData\\Oracle\\Java\\javapath;C:\\WINDOWS\\system32;C:\\WINDOWS;C:\\WINDOWS\\System32\\Wbem;C:\\WINDOWS\\System32\\WindowsPowerShell\\v1.0\\;;D:\\Program Files\\MySQL\\MySQL Server 5.1\\bin;C:\\WINDOWS\\system32\\config\\systemprofile\\.dnx\\bin;C:\\Program Files\\Microsoft DNX\\Dnvm\\;C:\\Program Files (x86)\\Windows Kits\\8.1\\Windows Performance Toolkit\\;C:\\Program Files\\Microsoft SQL Server\\120\\Tools\\Binn\\;D:\\Program Files\\nodejs\\;D:\\GreenSoft\\adt\\sdk\\platform-tools;C:\\Program Files (x86)\\ATI Technologies\\ATI.ACE\\Core-Static;d:\\Program Files (x86)\\WinSCP\\;D:\\Program Files\\TortoiseSVN\\bin;D:\\Python34;D:\\GreenSoft\\php-5.6.8-x64;'
    'SYSTEMROOT' => 'C:\\WINDOWS'
    'COMSPEC' => 'C:\\WINDOWS\\system32\\cmd.exe'
    'PATHEXT' => '.COM;.EXE;.BAT;.CMD;.VBS;.VBE;.JS;.JSE;.WSF;.WSH;.MSC;.PY'
    'WINDIR' => 'C:\\WINDOWS'
    'PHP_FCGI_MAX_REQUESTS' => '1000'
    'PHPRC' => 'D:/phpStudy/php54n'
    '_FCGI_SHUTDOWN_EVENT_' => '2180'
    'SCRIPT_NAME' => '/web/index.php'
    'REQUEST_URI' => '/web/index.php?r=home/index/index'
    'QUERY_STRING' => 'r=home/index/index'
    'REQUEST_METHOD' => 'GET'
    'SERVER_PROTOCOL' => 'HTTP/1.1'
    'GATEWAY_INTERFACE' => 'CGI/1.1'
    'REMOTE_PORT' => '64005'
    'SCRIPT_FILENAME' => 'E:/wwwroot/Yii/web/index.php'
    'SERVER_ADMIN' => 'webmaster@dummy-host2.example.com'
    'CONTEXT_DOCUMENT_ROOT' => 'E:/wwwroot/Yii'
    'CONTEXT_PREFIX' => ''
    'REQUEST_SCHEME' => 'http'
    'DOCUMENT_ROOT' => 'E:/wwwroot/Yii'
    'REMOTE_ADDR' => '127.0.0.1'
    'SERVER_PORT' => '80'
    'SERVER_ADDR' => '127.0.0.1'
    'SERVER_NAME' => 'yii.loc'
    'SERVER_SOFTWARE' => 'Apache/2.4.10 (Win32) OpenSSL/0.9.8zb mod_fcgid/2.3.9'
    'SERVER_SIGNATURE' => ''
    'SystemRoot' => 'C:\\WINDOWS'
    'HTTP_COOKIE' => '_csrf=488181d411abace432a4fb7b3c520cce59160dd08db7d9d1130e540429b10e8da%3A2%3A%7Bi%3A0%3Bs%3A5%3A%22_csrf%22%3Bi%3A1%3Bs%3A32%3A%22PSZXzNzlAGw9isRqhbpUK9HtGhnvZwt0%22%3B%7D'
    'HTTP_ACCEPT_LANGUAGE' => 'en-US,en;q=0.8,zh-CN;q=0.6,zh;q=0.4,zh-TW;q=0.2'
    'HTTP_ACCEPT_ENCODING' => 'gzip, deflate, sdch'
    'HTTP_USER_AGENT' => 'Mozilla/5.0 (Windows NT 10.0; WOW64) AppleWebKit/537.36 (KHTML, like Gecko) Chrome/46.0.2490.71 Safari/537.36'
    'HTTP_UPGRADE_INSECURE_REQUESTS' => '1'
    'HTTP_ACCEPT' => 'text/html,application/xhtml+xml,application/xml;q=0.9,image/webp,*/*;q=0.8'
    'HTTP_CACHE_CONTROL' => 'max-age=0'
    'HTTP_CONNECTION' => 'close'
    'HTTP_HOST' => 'yii.loc'
    'FCGI_ROLE' => 'RESPONDER'
    'PHP_SELF' => '/web/index.php'
    'REQUEST_TIME_FLOAT' => 1449629578.2368
    'REQUEST_TIME' => 1449629578
]
2015-12-09 10:55:27 [127.0.0.1][-][-][error][yii\web\HttpException:404] exception 'yii\web\NotFoundHttpException' with message 'Page not found.' in E:\wwwroot\Yii\vendor\yiisoft\yii2\web\Request.php:190
Stack trace:
#0 E:\wwwroot\Yii\vendor\yiisoft\yii2\web\Application.php(75): yii\web\Request->resolve()
#1 E:\wwwroot\Yii\vendor\yiisoft\yii2\base\Application.php(375): yii\web\Application->handleRequest(Object(yii\web\Request))
#2 E:\wwwroot\Yii\web\index.php(16): yii\base\Application->run()
#3 {main}
2015-12-09 10:55:27 [127.0.0.1][-][-][info][application] $_GET = [
    'r' => 'index/index'
]

$_COOKIE = [
    '_csrf' => '488181d411abace432a4fb7b3c520cce59160dd08db7d9d1130e540429b10e8da:2:{i:0;s:5:\"_csrf\";i:1;s:32:\"PSZXzNzlAGw9isRqhbpUK9HtGhnvZwt0\";}'
]

$_SERVER = [
    'PATH' => 'D:\\Python34\\Lib\\site-packages\\PyQt5;C:\\ProgramData\\Oracle\\Java\\javapath;C:\\WINDOWS\\system32;C:\\WINDOWS;C:\\WINDOWS\\System32\\Wbem;C:\\WINDOWS\\System32\\WindowsPowerShell\\v1.0\\;;D:\\Program Files\\MySQL\\MySQL Server 5.1\\bin;C:\\WINDOWS\\system32\\config\\systemprofile\\.dnx\\bin;C:\\Program Files\\Microsoft DNX\\Dnvm\\;C:\\Program Files (x86)\\Windows Kits\\8.1\\Windows Performance Toolkit\\;C:\\Program Files\\Microsoft SQL Server\\120\\Tools\\Binn\\;D:\\Program Files\\nodejs\\;D:\\GreenSoft\\adt\\sdk\\platform-tools;C:\\Program Files (x86)\\ATI Technologies\\ATI.ACE\\Core-Static;d:\\Program Files (x86)\\WinSCP\\;D:\\Program Files\\TortoiseSVN\\bin;D:\\Python34;D:\\GreenSoft\\php-5.6.8-x64;'
    'SYSTEMROOT' => 'C:\\WINDOWS'
    'COMSPEC' => 'C:\\WINDOWS\\system32\\cmd.exe'
    'PATHEXT' => '.COM;.EXE;.BAT;.CMD;.VBS;.VBE;.JS;.JSE;.WSF;.WSH;.MSC;.PY'
    'WINDIR' => 'C:\\WINDOWS'
    'PHP_FCGI_MAX_REQUESTS' => '1000'
    'PHPRC' => 'D:/phpStudy/php54n'
    '_FCGI_SHUTDOWN_EVENT_' => '2180'
    'SCRIPT_NAME' => '/web/index.php'
    'REQUEST_URI' => '/web/index/index'
    'QUERY_STRING' => 'r=index/index'
    'REQUEST_METHOD' => 'GET'
    'SERVER_PROTOCOL' => 'HTTP/1.1'
    'GATEWAY_INTERFACE' => 'CGI/1.1'
    'REDIRECT_URL' => '/web/index/index'
    'REDIRECT_QUERY_STRING' => 'r=index/index'
    'REMOTE_PORT' => '64443'
    'SCRIPT_FILENAME' => 'E:/wwwroot/Yii/web/index.php'
    'SERVER_ADMIN' => 'webmaster@dummy-host2.example.com'
    'CONTEXT_DOCUMENT_ROOT' => 'E:/wwwroot/Yii'
    'CONTEXT_PREFIX' => ''
    'REQUEST_SCHEME' => 'http'
    'DOCUMENT_ROOT' => 'E:/wwwroot/Yii'
    'REMOTE_ADDR' => '127.0.0.1'
    'SERVER_PORT' => '80'
    'SERVER_ADDR' => '127.0.0.1'
    'SERVER_NAME' => 'yii.loc'
    'SERVER_SOFTWARE' => 'Apache/2.4.10 (Win32) OpenSSL/0.9.8zb mod_fcgid/2.3.9'
    'SERVER_SIGNATURE' => ''
    'SystemRoot' => 'C:\\WINDOWS'
    'HTTP_COOKIE' => '_csrf=488181d411abace432a4fb7b3c520cce59160dd08db7d9d1130e540429b10e8da%3A2%3A%7Bi%3A0%3Bs%3A5%3A%22_csrf%22%3Bi%3A1%3Bs%3A32%3A%22PSZXzNzlAGw9isRqhbpUK9HtGhnvZwt0%22%3B%7D'
    'HTTP_ACCEPT_LANGUAGE' => 'en-US,en;q=0.8,zh-CN;q=0.6,zh;q=0.4,zh-TW;q=0.2'
    'HTTP_ACCEPT_ENCODING' => 'gzip, deflate, sdch'
    'HTTP_USER_AGENT' => 'Mozilla/5.0 (Windows NT 10.0; WOW64) AppleWebKit/537.36 (KHTML, like Gecko) Chrome/46.0.2490.71 Safari/537.36'
    'HTTP_UPGRADE_INSECURE_REQUESTS' => '1'
    'HTTP_ACCEPT' => 'text/html,application/xhtml+xml,application/xml;q=0.9,image/webp,*/*;q=0.8'
    'HTTP_CACHE_CONTROL' => 'max-age=0'
    'HTTP_CONNECTION' => 'close'
    'HTTP_HOST' => 'yii.loc'
    'REDIRECT_STATUS' => '200'
    'FCGI_ROLE' => 'RESPONDER'
    'PHP_SELF' => '/web/index.php'
    'REQUEST_TIME_FLOAT' => 1449629727.8063
    'REQUEST_TIME' => 1449629727
]
2015-12-09 11:02:21 [127.0.0.1][-][-][error][yii\web\HttpException:404] exception 'yii\base\InvalidRouteException' with message 'Unable to resolve the request "index/index".' in E:\wwwroot\Yii\vendor\yiisoft\yii2\base\Module.php:461
Stack trace:
#0 E:\wwwroot\Yii\vendor\yiisoft\yii2\web\Application.php(84): yii\base\Module->runAction('index/index', Array)
#1 E:\wwwroot\Yii\vendor\yiisoft\yii2\base\Application.php(375): yii\web\Application->handleRequest(Object(yii\web\Request))
#2 E:\wwwroot\Yii\web\index.php(16): yii\base\Application->run()
#3 {main}

Next exception 'yii\web\NotFoundHttpException' with message 'Page not found.' in E:\wwwroot\Yii\vendor\yiisoft\yii2\web\Application.php:96
Stack trace:
#0 E:\wwwroot\Yii\vendor\yiisoft\yii2\base\Application.php(375): yii\web\Application->handleRequest(Object(yii\web\Request))
#1 E:\wwwroot\Yii\web\index.php(16): yii\base\Application->run()
#2 {main}
2015-12-09 11:02:21 [127.0.0.1][-][-][info][application] $_COOKIE = [
    '_csrf' => '488181d411abace432a4fb7b3c520cce59160dd08db7d9d1130e540429b10e8da:2:{i:0;s:5:\"_csrf\";i:1;s:32:\"PSZXzNzlAGw9isRqhbpUK9HtGhnvZwt0\";}'
]

$_SERVER = [
    'PATH' => 'D:\\Python34\\Lib\\site-packages\\PyQt5;C:\\ProgramData\\Oracle\\Java\\javapath;C:\\WINDOWS\\system32;C:\\WINDOWS;C:\\WINDOWS\\System32\\Wbem;C:\\WINDOWS\\System32\\WindowsPowerShell\\v1.0\\;;D:\\Program Files\\MySQL\\MySQL Server 5.1\\bin;C:\\WINDOWS\\system32\\config\\systemprofile\\.dnx\\bin;C:\\Program Files\\Microsoft DNX\\Dnvm\\;C:\\Program Files (x86)\\Windows Kits\\8.1\\Windows Performance Toolkit\\;C:\\Program Files\\Microsoft SQL Server\\120\\Tools\\Binn\\;D:\\Program Files\\nodejs\\;D:\\GreenSoft\\adt\\sdk\\platform-tools;C:\\Program Files (x86)\\ATI Technologies\\ATI.ACE\\Core-Static;d:\\Program Files (x86)\\WinSCP\\;D:\\Program Files\\TortoiseSVN\\bin;D:\\Python34;D:\\GreenSoft\\php-5.6.8-x64;'
    'SYSTEMROOT' => 'C:\\WINDOWS'
    'COMSPEC' => 'C:\\WINDOWS\\system32\\cmd.exe'
    'PATHEXT' => '.COM;.EXE;.BAT;.CMD;.VBS;.VBE;.JS;.JSE;.WSF;.WSH;.MSC;.PY'
    'WINDIR' => 'C:\\WINDOWS'
    'PHP_FCGI_MAX_REQUESTS' => '1000'
    'PHPRC' => 'D:/phpStudy/php54n'
    '_FCGI_SHUTDOWN_EVENT_' => '2240'
    'PATH_TRANSLATED' => 'E:\\wwwroot\\Yii\\index\\index'
    'PATH_INFO' => '/index/index'
    'SCRIPT_NAME' => '/web/index.php'
    'REQUEST_URI' => '/web/index.php/index/index'
    'QUERY_STRING' => ''
    'REQUEST_METHOD' => 'GET'
    'SERVER_PROTOCOL' => 'HTTP/1.1'
    'GATEWAY_INTERFACE' => 'CGI/1.1'
    'REMOTE_PORT' => '49284'
    'SCRIPT_FILENAME' => 'E:/wwwroot/Yii/web/index.php'
    'SERVER_ADMIN' => 'webmaster@dummy-host2.example.com'
    'CONTEXT_DOCUMENT_ROOT' => 'E:/wwwroot/Yii'
    'CONTEXT_PREFIX' => ''
    'REQUEST_SCHEME' => 'http'
    'DOCUMENT_ROOT' => 'E:/wwwroot/Yii'
    'REMOTE_ADDR' => '127.0.0.1'
    'SERVER_PORT' => '80'
    'SERVER_ADDR' => '127.0.0.1'
    'SERVER_NAME' => 'yii.loc'
    'SERVER_SOFTWARE' => 'Apache/2.4.10 (Win32) OpenSSL/0.9.8zb mod_fcgid/2.3.9'
    'SERVER_SIGNATURE' => ''
    'SystemRoot' => 'C:\\WINDOWS'
    'HTTP_COOKIE' => '_csrf=488181d411abace432a4fb7b3c520cce59160dd08db7d9d1130e540429b10e8da%3A2%3A%7Bi%3A0%3Bs%3A5%3A%22_csrf%22%3Bi%3A1%3Bs%3A32%3A%22PSZXzNzlAGw9isRqhbpUK9HtGhnvZwt0%22%3B%7D'
    'HTTP_ACCEPT_LANGUAGE' => 'en-US,en;q=0.8,zh-CN;q=0.6,zh;q=0.4,zh-TW;q=0.2'
    'HTTP_ACCEPT_ENCODING' => 'gzip, deflate, sdch'
    'HTTP_USER_AGENT' => 'Mozilla/5.0 (Windows NT 10.0; WOW64) AppleWebKit/537.36 (KHTML, like Gecko) Chrome/46.0.2490.71 Safari/537.36'
    'HTTP_UPGRADE_INSECURE_REQUESTS' => '1'
    'HTTP_ACCEPT' => 'text/html,application/xhtml+xml,application/xml;q=0.9,image/webp,*/*;q=0.8'
    'HTTP_CACHE_CONTROL' => 'max-age=0'
    'HTTP_CONNECTION' => 'close'
    'HTTP_HOST' => 'yii.loc'
    'FCGI_ROLE' => 'RESPONDER'
    'PHP_SELF' => '/web/index.php/index/index'
    'REQUEST_TIME_FLOAT' => 1449630141.7158
    'REQUEST_TIME' => 1449630141
]
2015-12-09 11:07:30 [127.0.0.1][-][-][error][yii\web\HttpException:404] exception 'yii\base\InvalidRouteException' with message 'Unable to resolve the request "css/site.css".' in E:\wwwroot\Yii\vendor\yiisoft\yii2\base\Module.php:461
Stack trace:
#0 E:\wwwroot\Yii\vendor\yiisoft\yii2\web\Application.php(84): yii\base\Module->runAction('css/site.css', Array)
#1 E:\wwwroot\Yii\vendor\yiisoft\yii2\base\Application.php(375): yii\web\Application->handleRequest(Object(yii\web\Request))
#2 E:\wwwroot\Yii\index.php(16): yii\base\Application->run()
#3 {main}

Next exception 'yii\web\NotFoundHttpException' with message 'Page not found.' in E:\wwwroot\Yii\vendor\yiisoft\yii2\web\Application.php:96
Stack trace:
#0 E:\wwwroot\Yii\vendor\yiisoft\yii2\base\Application.php(375): yii\web\Application->handleRequest(Object(yii\web\Request))
#1 E:\wwwroot\Yii\index.php(16): yii\base\Application->run()
#2 {main}
2015-12-09 11:07:30 [127.0.0.1][-][-][info][application] $_GET = [
    'css/site_css' => ''
]

$_COOKIE = [
    '_csrf' => '488181d411abace432a4fb7b3c520cce59160dd08db7d9d1130e540429b10e8da:2:{i:0;s:5:\"_csrf\";i:1;s:32:\"PSZXzNzlAGw9isRqhbpUK9HtGhnvZwt0\";}'
]

$_SERVER = [
    'PATH' => 'D:\\Python34\\Lib\\site-packages\\PyQt5;C:\\ProgramData\\Oracle\\Java\\javapath;C:\\WINDOWS\\system32;C:\\WINDOWS;C:\\WINDOWS\\System32\\Wbem;C:\\WINDOWS\\System32\\WindowsPowerShell\\v1.0\\;;D:\\Program Files\\MySQL\\MySQL Server 5.1\\bin;C:\\WINDOWS\\system32\\config\\systemprofile\\.dnx\\bin;C:\\Program Files\\Microsoft DNX\\Dnvm\\;C:\\Program Files (x86)\\Windows Kits\\8.1\\Windows Performance Toolkit\\;C:\\Program Files\\Microsoft SQL Server\\120\\Tools\\Binn\\;D:\\Program Files\\nodejs\\;D:\\GreenSoft\\adt\\sdk\\platform-tools;C:\\Program Files (x86)\\ATI Technologies\\ATI.ACE\\Core-Static;d:\\Program Files (x86)\\WinSCP\\;D:\\Program Files\\TortoiseSVN\\bin;D:\\Python34;D:\\GreenSoft\\php-5.6.8-x64;'
    'SYSTEMROOT' => 'C:\\WINDOWS'
    'COMSPEC' => 'C:\\WINDOWS\\system32\\cmd.exe'
    'PATHEXT' => '.COM;.EXE;.BAT;.CMD;.VBS;.VBE;.JS;.JSE;.WSF;.WSH;.MSC;.PY'
    'WINDIR' => 'C:\\WINDOWS'
    'PHP_FCGI_MAX_REQUESTS' => '1000'
    'PHPRC' => 'D:/phpStudy/php54n'
    '_FCGI_SHUTDOWN_EVENT_' => '2204'
    'SCRIPT_NAME' => '/index.php'
    'REQUEST_URI' => '/css/site.css'
    'QUERY_STRING' => 'css/site.css'
    'REQUEST_METHOD' => 'GET'
    'SERVER_PROTOCOL' => 'HTTP/1.1'
    'GATEWAY_INTERFACE' => 'CGI/1.1'
    'REDIRECT_URL' => '/css/site.css'
    'REDIRECT_QUERY_STRING' => 'css/site.css'
    'REMOTE_PORT' => '50194'
    'SCRIPT_FILENAME' => 'E:/wwwroot/Yii/index.php'
    'SERVER_ADMIN' => 'webmaster@dummy-host2.example.com'
    'CONTEXT_DOCUMENT_ROOT' => 'E:/wwwroot/Yii'
    'CONTEXT_PREFIX' => ''
    'REQUEST_SCHEME' => 'http'
    'DOCUMENT_ROOT' => 'E:/wwwroot/Yii'
    'REMOTE_ADDR' => '127.0.0.1'
    'SERVER_PORT' => '80'
    'SERVER_ADDR' => '127.0.0.1'
    'SERVER_NAME' => 'yii.loc'
    'SERVER_SOFTWARE' => 'Apache/2.4.10 (Win32) OpenSSL/0.9.8zb mod_fcgid/2.3.9'
    'SERVER_SIGNATURE' => ''
    'SystemRoot' => 'C:\\WINDOWS'
    'HTTP_COOKIE' => '_csrf=488181d411abace432a4fb7b3c520cce59160dd08db7d9d1130e540429b10e8da%3A2%3A%7Bi%3A0%3Bs%3A5%3A%22_csrf%22%3Bi%3A1%3Bs%3A32%3A%22PSZXzNzlAGw9isRqhbpUK9HtGhnvZwt0%22%3B%7D'
    'HTTP_ACCEPT_LANGUAGE' => 'en-US,en;q=0.8,zh-CN;q=0.6,zh;q=0.4,zh-TW;q=0.2'
    'HTTP_ACCEPT_ENCODING' => 'gzip, deflate, sdch'
    'HTTP_REFERER' => 'http://yii.loc/index/index'
    'HTTP_USER_AGENT' => 'Mozilla/5.0 (Windows NT 10.0; WOW64) AppleWebKit/537.36 (KHTML, like Gecko) Chrome/46.0.2490.71 Safari/537.36'
    'HTTP_ACCEPT' => 'text/css,*/*;q=0.1'
    'HTTP_CONNECTION' => 'close'
    'HTTP_HOST' => 'yii.loc'
    'REDIRECT_STATUS' => '200'
    'FCGI_ROLE' => 'RESPONDER'
    'PHP_SELF' => '/index.php'
    'REQUEST_TIME_FLOAT' => 1449630450.7435
    'REQUEST_TIME' => 1449630450
]
2015-12-09 11:08:41 [127.0.0.1][-][-][error][yii\web\HttpException:404] exception 'yii\web\NotFoundHttpException' with message 'Page not found.' in E:\wwwroot\Yii\vendor\yiisoft\yii2\web\Request.php:190
Stack trace:
#0 E:\wwwroot\Yii\vendor\yiisoft\yii2\web\Application.php(75): yii\web\Request->resolve()
#1 E:\wwwroot\Yii\vendor\yiisoft\yii2\base\Application.php(375): yii\web\Application->handleRequest(Object(yii\web\Request))
#2 E:\wwwroot\Yii\index.php(16): yii\base\Application->run()
#3 {main}
2015-12-09 11:08:41 [127.0.0.1][-][-][info][application] $_GET = [
    'index/index' => ''
]

$_COOKIE = [
    '_csrf' => '488181d411abace432a4fb7b3c520cce59160dd08db7d9d1130e540429b10e8da:2:{i:0;s:5:\"_csrf\";i:1;s:32:\"PSZXzNzlAGw9isRqhbpUK9HtGhnvZwt0\";}'
]

$_SERVER = [
    'PATH' => 'D:\\Python34\\Lib\\site-packages\\PyQt5;C:\\ProgramData\\Oracle\\Java\\javapath;C:\\WINDOWS\\system32;C:\\WINDOWS;C:\\WINDOWS\\System32\\Wbem;C:\\WINDOWS\\System32\\WindowsPowerShell\\v1.0\\;;D:\\Program Files\\MySQL\\MySQL Server 5.1\\bin;C:\\WINDOWS\\system32\\config\\systemprofile\\.dnx\\bin;C:\\Program Files\\Microsoft DNX\\Dnvm\\;C:\\Program Files (x86)\\Windows Kits\\8.1\\Windows Performance Toolkit\\;C:\\Program Files\\Microsoft SQL Server\\120\\Tools\\Binn\\;D:\\Program Files\\nodejs\\;D:\\GreenSoft\\adt\\sdk\\platform-tools;C:\\Program Files (x86)\\ATI Technologies\\ATI.ACE\\Core-Static;d:\\Program Files (x86)\\WinSCP\\;D:\\Program Files\\TortoiseSVN\\bin;D:\\Python34;D:\\GreenSoft\\php-5.6.8-x64;'
    'SYSTEMROOT' => 'C:\\WINDOWS'
    'COMSPEC' => 'C:\\WINDOWS\\system32\\cmd.exe'
    'PATHEXT' => '.COM;.EXE;.BAT;.CMD;.VBS;.VBE;.JS;.JSE;.WSF;.WSH;.MSC;.PY'
    'WINDIR' => 'C:\\WINDOWS'
    'PHP_FCGI_MAX_REQUESTS' => '1000'
    'PHPRC' => 'D:/phpStudy/php54n'
    '_FCGI_SHUTDOWN_EVENT_' => '2204'
    'SCRIPT_NAME' => '/index.php'
    'REQUEST_URI' => '/index/index'
    'QUERY_STRING' => 'index/index'
    'REQUEST_METHOD' => 'GET'
    'SERVER_PROTOCOL' => 'HTTP/1.1'
    'GATEWAY_INTERFACE' => 'CGI/1.1'
    'REDIRECT_URL' => '/index/index'
    'REDIRECT_QUERY_STRING' => 'index/index'
    'REMOTE_PORT' => '50367'
    'SCRIPT_FILENAME' => 'E:/wwwroot/Yii/index.php'
    'SERVER_ADMIN' => 'webmaster@dummy-host2.example.com'
    'CONTEXT_DOCUMENT_ROOT' => 'E:/wwwroot/Yii'
    'CONTEXT_PREFIX' => ''
    'REQUEST_SCHEME' => 'http'
    'DOCUMENT_ROOT' => 'E:/wwwroot/Yii'
    'REMOTE_ADDR' => '127.0.0.1'
    'SERVER_PORT' => '80'
    'SERVER_ADDR' => '127.0.0.1'
    'SERVER_NAME' => 'yii.loc'
    'SERVER_SOFTWARE' => 'Apache/2.4.10 (Win32) OpenSSL/0.9.8zb mod_fcgid/2.3.9'
    'SERVER_SIGNATURE' => ''
    'SystemRoot' => 'C:\\WINDOWS'
    'HTTP_COOKIE' => '_csrf=488181d411abace432a4fb7b3c520cce59160dd08db7d9d1130e540429b10e8da%3A2%3A%7Bi%3A0%3Bs%3A5%3A%22_csrf%22%3Bi%3A1%3Bs%3A32%3A%22PSZXzNzlAGw9isRqhbpUK9HtGhnvZwt0%22%3B%7D'
    'HTTP_ACCEPT_LANGUAGE' => 'en-US,en;q=0.8,zh-CN;q=0.6,zh;q=0.4,zh-TW;q=0.2'
    'HTTP_ACCEPT_ENCODING' => 'gzip, deflate, sdch'
    'HTTP_USER_AGENT' => 'Mozilla/5.0 (Windows NT 10.0; WOW64) AppleWebKit/537.36 (KHTML, like Gecko) Chrome/46.0.2490.71 Safari/537.36'
    'HTTP_UPGRADE_INSECURE_REQUESTS' => '1'
    'HTTP_ACCEPT' => 'text/html,application/xhtml+xml,application/xml;q=0.9,image/webp,*/*;q=0.8'
    'HTTP_CACHE_CONTROL' => 'max-age=0'
    'HTTP_CONNECTION' => 'close'
    'HTTP_HOST' => 'yii.loc'
    'REDIRECT_STATUS' => '200'
    'FCGI_ROLE' => 'RESPONDER'
    'PHP_SELF' => '/index.php'
    'REQUEST_TIME_FLOAT' => 1449630521.245
    'REQUEST_TIME' => 1449630521
]
2015-12-09 11:08:48 [127.0.0.1][-][-][error][yii\web\HttpException:404] exception 'yii\web\NotFoundHttpException' with message 'Page not found.' in E:\wwwroot\Yii\vendor\yiisoft\yii2\web\Request.php:190
Stack trace:
#0 E:\wwwroot\Yii\vendor\yiisoft\yii2\web\Application.php(75): yii\web\Request->resolve()
#1 E:\wwwroot\Yii\vendor\yiisoft\yii2\base\Application.php(375): yii\web\Application->handleRequest(Object(yii\web\Request))
#2 E:\wwwroot\Yii\index.php(16): yii\base\Application->run()
#3 {main}
2015-12-09 11:08:48 [127.0.0.1][-][-][info][application] $_GET = [
    'index/index' => ''
]

$_COOKIE = [
    '_csrf' => '488181d411abace432a4fb7b3c520cce59160dd08db7d9d1130e540429b10e8da:2:{i:0;s:5:\"_csrf\";i:1;s:32:\"PSZXzNzlAGw9isRqhbpUK9HtGhnvZwt0\";}'
]

$_SERVER = [
    'PATH' => 'D:\\Python34\\Lib\\site-packages\\PyQt5;C:\\ProgramData\\Oracle\\Java\\javapath;C:\\WINDOWS\\system32;C:\\WINDOWS;C:\\WINDOWS\\System32\\Wbem;C:\\WINDOWS\\System32\\WindowsPowerShell\\v1.0\\;;D:\\Program Files\\MySQL\\MySQL Server 5.1\\bin;C:\\WINDOWS\\system32\\config\\systemprofile\\.dnx\\bin;C:\\Program Files\\Microsoft DNX\\Dnvm\\;C:\\Program Files (x86)\\Windows Kits\\8.1\\Windows Performance Toolkit\\;C:\\Program Files\\Microsoft SQL Server\\120\\Tools\\Binn\\;D:\\Program Files\\nodejs\\;D:\\GreenSoft\\adt\\sdk\\platform-tools;C:\\Program Files (x86)\\ATI Technologies\\ATI.ACE\\Core-Static;d:\\Program Files (x86)\\WinSCP\\;D:\\Program Files\\TortoiseSVN\\bin;D:\\Python34;D:\\GreenSoft\\php-5.6.8-x64;'
    'SYSTEMROOT' => 'C:\\WINDOWS'
    'COMSPEC' => 'C:\\WINDOWS\\system32\\cmd.exe'
    'PATHEXT' => '.COM;.EXE;.BAT;.CMD;.VBS;.VBE;.JS;.JSE;.WSF;.WSH;.MSC;.PY'
    'WINDIR' => 'C:\\WINDOWS'
    'PHP_FCGI_MAX_REQUESTS' => '1000'
    'PHPRC' => 'D:/phpStudy/php54n'
    '_FCGI_SHUTDOWN_EVENT_' => '2204'
    'SCRIPT_NAME' => '/index.php'
    'REQUEST_URI' => '/index/index'
    'QUERY_STRING' => 'index/index'
    'REQUEST_METHOD' => 'GET'
    'SERVER_PROTOCOL' => 'HTTP/1.1'
    'GATEWAY_INTERFACE' => 'CGI/1.1'
    'REDIRECT_URL' => '/index/index'
    'REDIRECT_QUERY_STRING' => 'index/index'
    'REMOTE_PORT' => '50422'
    'SCRIPT_FILENAME' => 'E:/wwwroot/Yii/index.php'
    'SERVER_ADMIN' => 'webmaster@dummy-host2.example.com'
    'CONTEXT_DOCUMENT_ROOT' => 'E:/wwwroot/Yii'
    'CONTEXT_PREFIX' => ''
    'REQUEST_SCHEME' => 'http'
    'DOCUMENT_ROOT' => 'E:/wwwroot/Yii'
    'REMOTE_ADDR' => '127.0.0.1'
    'SERVER_PORT' => '80'
    'SERVER_ADDR' => '127.0.0.1'
    'SERVER_NAME' => 'yii.loc'
    'SERVER_SOFTWARE' => 'Apache/2.4.10 (Win32) OpenSSL/0.9.8zb mod_fcgid/2.3.9'
    'SERVER_SIGNATURE' => ''
    'SystemRoot' => 'C:\\WINDOWS'
    'HTTP_COOKIE' => '_csrf=488181d411abace432a4fb7b3c520cce59160dd08db7d9d1130e540429b10e8da%3A2%3A%7Bi%3A0%3Bs%3A5%3A%22_csrf%22%3Bi%3A1%3Bs%3A32%3A%22PSZXzNzlAGw9isRqhbpUK9HtGhnvZwt0%22%3B%7D'
    'HTTP_ACCEPT_LANGUAGE' => 'en-US,en;q=0.8,zh-CN;q=0.6,zh;q=0.4,zh-TW;q=0.2'
    'HTTP_ACCEPT_ENCODING' => 'gzip, deflate, sdch'
    'HTTP_USER_AGENT' => 'Mozilla/5.0 (Windows NT 10.0; WOW64) AppleWebKit/537.36 (KHTML, like Gecko) Chrome/46.0.2490.71 Safari/537.36'
    'HTTP_UPGRADE_INSECURE_REQUESTS' => '1'
    'HTTP_ACCEPT' => 'text/html,application/xhtml+xml,application/xml;q=0.9,image/webp,*/*;q=0.8'
    'HTTP_CACHE_CONTROL' => 'max-age=0'
    'HTTP_CONNECTION' => 'close'
    'HTTP_HOST' => 'yii.loc'
    'REDIRECT_STATUS' => '200'
    'FCGI_ROLE' => 'RESPONDER'
    'PHP_SELF' => '/index.php'
    'REQUEST_TIME_FLOAT' => 1449630528.8309
    'REQUEST_TIME' => 1449630528
]
2015-12-09 11:09:15 [127.0.0.1][-][-][error][yii\web\HttpException:404] exception 'yii\web\NotFoundHttpException' with message 'Page not found.' in E:\wwwroot\Yii\vendor\yiisoft\yii2\web\Request.php:190
Stack trace:
#0 E:\wwwroot\Yii\vendor\yiisoft\yii2\web\Application.php(75): yii\web\Request->resolve()
#1 E:\wwwroot\Yii\vendor\yiisoft\yii2\base\Application.php(375): yii\web\Application->handleRequest(Object(yii\web\Request))
#2 E:\wwwroot\Yii\index.php(16): yii\base\Application->run()
#3 {main}
2015-12-09 11:09:15 [127.0.0.1][-][-][info][application] $_GET = [
    'index/index' => ''
]

$_COOKIE = [
    '_csrf' => '488181d411abace432a4fb7b3c520cce59160dd08db7d9d1130e540429b10e8da:2:{i:0;s:5:\"_csrf\";i:1;s:32:\"PSZXzNzlAGw9isRqhbpUK9HtGhnvZwt0\";}'
]

$_SERVER = [
    'PATH' => 'D:\\Python34\\Lib\\site-packages\\PyQt5;C:\\ProgramData\\Oracle\\Java\\javapath;C:\\WINDOWS\\system32;C:\\WINDOWS;C:\\WINDOWS\\System32\\Wbem;C:\\WINDOWS\\System32\\WindowsPowerShell\\v1.0\\;;D:\\Program Files\\MySQL\\MySQL Server 5.1\\bin;C:\\WINDOWS\\system32\\config\\systemprofile\\.dnx\\bin;C:\\Program Files\\Microsoft DNX\\Dnvm\\;C:\\Program Files (x86)\\Windows Kits\\8.1\\Windows Performance Toolkit\\;C:\\Program Files\\Microsoft SQL Server\\120\\Tools\\Binn\\;D:\\Program Files\\nodejs\\;D:\\GreenSoft\\adt\\sdk\\platform-tools;C:\\Program Files (x86)\\ATI Technologies\\ATI.ACE\\Core-Static;d:\\Program Files (x86)\\WinSCP\\;D:\\Program Files\\TortoiseSVN\\bin;D:\\Python34;D:\\GreenSoft\\php-5.6.8-x64;'
    'SYSTEMROOT' => 'C:\\WINDOWS'
    'COMSPEC' => 'C:\\WINDOWS\\system32\\cmd.exe'
    'PATHEXT' => '.COM;.EXE;.BAT;.CMD;.VBS;.VBE;.JS;.JSE;.WSF;.WSH;.MSC;.PY'
    'WINDIR' => 'C:\\WINDOWS'
    'PHP_FCGI_MAX_REQUESTS' => '1000'
    'PHPRC' => 'D:/phpStudy/php54n'
    '_FCGI_SHUTDOWN_EVENT_' => '2204'
    'SCRIPT_NAME' => '/index.php'
    'REQUEST_URI' => '/index/index'
    'QUERY_STRING' => 'index/index'
    'REQUEST_METHOD' => 'GET'
    'SERVER_PROTOCOL' => 'HTTP/1.1'
    'GATEWAY_INTERFACE' => 'CGI/1.1'
    'REDIRECT_URL' => '/index/index'
    'REDIRECT_QUERY_STRING' => 'index/index'
    'REMOTE_PORT' => '50513'
    'SCRIPT_FILENAME' => 'E:/wwwroot/Yii/index.php'
    'SERVER_ADMIN' => 'webmaster@dummy-host2.example.com'
    'CONTEXT_DOCUMENT_ROOT' => 'E:/wwwroot/Yii'
    'CONTEXT_PREFIX' => ''
    'REQUEST_SCHEME' => 'http'
    'DOCUMENT_ROOT' => 'E:/wwwroot/Yii'
    'REMOTE_ADDR' => '127.0.0.1'
    'SERVER_PORT' => '80'
    'SERVER_ADDR' => '127.0.0.1'
    'SERVER_NAME' => 'yii.loc'
    'SERVER_SOFTWARE' => 'Apache/2.4.10 (Win32) OpenSSL/0.9.8zb mod_fcgid/2.3.9'
    'SERVER_SIGNATURE' => ''
    'SystemRoot' => 'C:\\WINDOWS'
    'HTTP_COOKIE' => '_csrf=488181d411abace432a4fb7b3c520cce59160dd08db7d9d1130e540429b10e8da%3A2%3A%7Bi%3A0%3Bs%3A5%3A%22_csrf%22%3Bi%3A1%3Bs%3A32%3A%22PSZXzNzlAGw9isRqhbpUK9HtGhnvZwt0%22%3B%7D'
    'HTTP_ACCEPT_LANGUAGE' => 'en-US,en;q=0.8,zh-CN;q=0.6,zh;q=0.4,zh-TW;q=0.2'
    'HTTP_ACCEPT_ENCODING' => 'gzip, deflate, sdch'
    'HTTP_USER_AGENT' => 'Mozilla/5.0 (Windows NT 10.0; WOW64) AppleWebKit/537.36 (KHTML, like Gecko) Chrome/46.0.2490.71 Safari/537.36'
    'HTTP_UPGRADE_INSECURE_REQUESTS' => '1'
    'HTTP_ACCEPT' => 'text/html,application/xhtml+xml,application/xml;q=0.9,image/webp,*/*;q=0.8'
    'HTTP_CACHE_CONTROL' => 'max-age=0'
    'HTTP_CONNECTION' => 'close'
    'HTTP_HOST' => 'yii.loc'
    'REDIRECT_STATUS' => '200'
    'FCGI_ROLE' => 'RESPONDER'
    'PHP_SELF' => '/index.php'
    'REQUEST_TIME_FLOAT' => 1449630555.8517
    'REQUEST_TIME' => 1449630555
]
2015-12-09 11:10:35 [127.0.0.1][-][-][error][yii\web\HttpException:404] exception 'yii\base\InvalidRouteException' with message 'Unable to resolve the request "index/index.html".' in E:\wwwroot\Yii\vendor\yiisoft\yii2\base\Module.php:461
Stack trace:
#0 E:\wwwroot\Yii\vendor\yiisoft\yii2\web\Application.php(84): yii\base\Module->runAction('index/index.htm...', Array)
#1 E:\wwwroot\Yii\vendor\yiisoft\yii2\base\Application.php(375): yii\web\Application->handleRequest(Object(yii\web\Request))
#2 E:\wwwroot\Yii\index.php(16): yii\base\Application->run()
#3 {main}

Next exception 'yii\web\NotFoundHttpException' with message 'Page not found.' in E:\wwwroot\Yii\vendor\yiisoft\yii2\web\Application.php:96
Stack trace:
#0 E:\wwwroot\Yii\vendor\yiisoft\yii2\base\Application.php(375): yii\web\Application->handleRequest(Object(yii\web\Request))
#1 E:\wwwroot\Yii\index.php(16): yii\base\Application->run()
#2 {main}
2015-12-09 11:10:35 [127.0.0.1][-][-][info][application] $_GET = [
    'index/index_html' => ''
]

$_COOKIE = [
    '_csrf' => '488181d411abace432a4fb7b3c520cce59160dd08db7d9d1130e540429b10e8da:2:{i:0;s:5:\"_csrf\";i:1;s:32:\"PSZXzNzlAGw9isRqhbpUK9HtGhnvZwt0\";}'
]

$_SERVER = [
    'PATH' => 'D:\\Python34\\Lib\\site-packages\\PyQt5;C:\\ProgramData\\Oracle\\Java\\javapath;C:\\WINDOWS\\system32;C:\\WINDOWS;C:\\WINDOWS\\System32\\Wbem;C:\\WINDOWS\\System32\\WindowsPowerShell\\v1.0\\;;D:\\Program Files\\MySQL\\MySQL Server 5.1\\bin;C:\\WINDOWS\\system32\\config\\systemprofile\\.dnx\\bin;C:\\Program Files\\Microsoft DNX\\Dnvm\\;C:\\Program Files (x86)\\Windows Kits\\8.1\\Windows Performance Toolkit\\;C:\\Program Files\\Microsoft SQL Server\\120\\Tools\\Binn\\;D:\\Program Files\\nodejs\\;D:\\GreenSoft\\adt\\sdk\\platform-tools;C:\\Program Files (x86)\\ATI Technologies\\ATI.ACE\\Core-Static;d:\\Program Files (x86)\\WinSCP\\;D:\\Program Files\\TortoiseSVN\\bin;D:\\Python34;D:\\GreenSoft\\php-5.6.8-x64;'
    'SYSTEMROOT' => 'C:\\WINDOWS'
    'COMSPEC' => 'C:\\WINDOWS\\system32\\cmd.exe'
    'PATHEXT' => '.COM;.EXE;.BAT;.CMD;.VBS;.VBE;.JS;.JSE;.WSF;.WSH;.MSC;.PY'
    'WINDIR' => 'C:\\WINDOWS'
    'PHP_FCGI_MAX_REQUESTS' => '1000'
    'PHPRC' => 'D:/phpStudy/php54n'
    '_FCGI_SHUTDOWN_EVENT_' => '2204'
    'SCRIPT_NAME' => '/index.php'
    'REQUEST_URI' => '/index/index.html'
    'QUERY_STRING' => 'index/index.html'
    'REQUEST_METHOD' => 'GET'
    'SERVER_PROTOCOL' => 'HTTP/1.1'
    'GATEWAY_INTERFACE' => 'CGI/1.1'
    'REDIRECT_URL' => '/index/index.html'
    'REDIRECT_QUERY_STRING' => 'index/index.html'
    'REMOTE_PORT' => '50745'
    'SCRIPT_FILENAME' => 'E:/wwwroot/Yii/index.php'
    'SERVER_ADMIN' => 'webmaster@dummy-host2.example.com'
    'CONTEXT_DOCUMENT_ROOT' => 'E:/wwwroot/Yii'
    'CONTEXT_PREFIX' => ''
    'REQUEST_SCHEME' => 'http'
    'DOCUMENT_ROOT' => 'E:/wwwroot/Yii'
    'REMOTE_ADDR' => '127.0.0.1'
    'SERVER_PORT' => '80'
    'SERVER_ADDR' => '127.0.0.1'
    'SERVER_NAME' => 'yii.loc'
    'SERVER_SOFTWARE' => 'Apache/2.4.10 (Win32) OpenSSL/0.9.8zb mod_fcgid/2.3.9'
    'SERVER_SIGNATURE' => ''
    'SystemRoot' => 'C:\\WINDOWS'
    'HTTP_COOKIE' => '_csrf=488181d411abace432a4fb7b3c520cce59160dd08db7d9d1130e540429b10e8da%3A2%3A%7Bi%3A0%3Bs%3A5%3A%22_csrf%22%3Bi%3A1%3Bs%3A32%3A%22PSZXzNzlAGw9isRqhbpUK9HtGhnvZwt0%22%3B%7D'
    'HTTP_ACCEPT_LANGUAGE' => 'en-US,en;q=0.8,zh-CN;q=0.6,zh;q=0.4,zh-TW;q=0.2'
    'HTTP_ACCEPT_ENCODING' => 'gzip, deflate, sdch'
    'HTTP_USER_AGENT' => 'Mozilla/5.0 (Windows NT 10.0; WOW64) AppleWebKit/537.36 (KHTML, like Gecko) Chrome/46.0.2490.71 Safari/537.36'
    'HTTP_UPGRADE_INSECURE_REQUESTS' => '1'
    'HTTP_ACCEPT' => 'text/html,application/xhtml+xml,application/xml;q=0.9,image/webp,*/*;q=0.8'
    'HTTP_CACHE_CONTROL' => 'max-age=0'
    'HTTP_CONNECTION' => 'close'
    'HTTP_HOST' => 'yii.loc'
    'REDIRECT_STATUS' => '200'
    'FCGI_ROLE' => 'RESPONDER'
    'PHP_SELF' => '/index.php'
    'REQUEST_TIME_FLOAT' => 1449630635.7853
    'REQUEST_TIME' => 1449630635
]
